[ 26-Dec-2021 22:12:40 ] Connecting !
[ 26-Dec-2021 22:12:40 ] [ connection ] {"user":9,"name":"Infinite Core","token":"a91","ip":"::1"}
[ 26-Dec-2021 22:12:41 ] [ ressource ] {"ip":"::1","ressource":"\/"}
[ 26-Dec-2021 22:12:41 ] [Total] [1,3,2]
[ 26-Dec-2021 22:13:49 ] [ ressource ] {"ip":"::1","ressource":"\/"}
[ 26-Dec-2021 22:13:49 ] [Total] [1,3,2]
[ 26-Dec-2021 22:14:31 ] [ ressource ] {"ip":"::1","ressource":"\/"}
[ 26-Dec-2021 22:14:31 ] [Total] [1,3,2]
[ 26-Dec-2021 22:14:53 ] [ ressource ] {"ip":"::1","ressource":"\/academic-year"}
[ 26-Dec-2021 22:14:53 ] [Total] [1,3,2]
[ 26-Dec-2021 22:14:59 ] [ ressource ] {"ip":"::1","ressource":"\/student"}
[ 26-Dec-2021 22:14:59 ] [Total] [1,3,2]
[ 26-Dec-2021 22:15:17 ] [ ressource ] {"ip":"::1","ressource":"\/"}
[ 26-Dec-2021 22:15:17 ] [Total] [1,3,2]
[ 26-Dec-2021 22:15:39 ] [ ressource ] {"ip":"::1","ressource":"\/academic-year"}
[ 26-Dec-2021 22:15:39 ] [Total] [1,3,2]
[ 26-Dec-2021 22:15:48 ] [ ressource ] {"ip":"::1","ressource":"\/"}
[ 26-Dec-2021 22:15:48 ] [Total] [1,3,2]
[ 26-Dec-2021 22:18:23 ] [ ressource ] {"ip":"::1","ressource":"\/"}
[ 26-Dec-2021 22:18:23 ] [Total] [1,3,2]
[ 26-Dec-2021 22:18:53 ] [ ressource ] {"ip":"::1","ressource":"\/academic-year"}
[ 26-Dec-2021 22:18:53 ] [Total] [1,3,2]
[ 26-Dec-2021 22:18:55 ] [ ressource ] {"ip":"::1","ressource":"\/student"}
[ 26-Dec-2021 22:18:55 ] [Total] [1,3,2]
[ 26-Dec-2021 22:18:56 ] [ ressource ] {"ip":"::1","ressource":"\/course"}
[ 26-Dec-2021 22:18:56 ] [Total] [1,3,2]
[ 26-Dec-2021 22:18:58 ] [ ressource ] {"ip":"::1","ressource":"\/notes"}
[ 26-Dec-2021 22:18:58 ] [Total] [1,3,2]
[ 26-Dec-2021 22:18:59 ] [ ressource ] {"ip":"::1","ressource":"\/teacher"}
[ 26-Dec-2021 22:19:00 ] [Total] [1,3,2]
[ 26-Dec-2021 22:19:12 ] [ ressource ] {"ip":"::1","ressource":"\/admin"}
[ 26-Dec-2021 22:19:12 ] [Total] [1,3,2]
[ 26-Dec-2021 22:21:00 ] [ ressource ] {"ip":"::1","ressource":"\/admin"}
[ 26-Dec-2021 22:21:03 ] [ ressource ] {"ip":"::1","ressource":"\/"}
[ 26-Dec-2021 22:21:15 ] [ ressource ] {"ip":"::1","ressource":"\/"}
[ 26-Dec-2021 22:21:40 ] [ ressource ] {"ip":"::1","ressource":"\/"}
[ 26-Dec-2021 22:21:40 ] [Total] []
[ 26-Dec-2021 22:22:42 ] [ ressource ] {"ip":"::1","ressource":"\/"}
[ 26-Dec-2021 22:22:42 ] [Total] []
[ 26-Dec-2021 22:23:02 ] [ ressource ] {"ip":"::1","ressource":"\/academic-year"}
[ 26-Dec-2021 22:23:02 ] [Total] []
[ 26-Dec-2021 22:23:04 ] [ ressource ] {"ip":"::1","ressource":"\/student"}
[ 26-Dec-2021 22:23:04 ] [Total] []
[ 26-Dec-2021 22:23:05 ] [ ressource ] {"ip":"::1","ressource":"\/course"}
[ 26-Dec-2021 22:23:05 ] [Total] []
[ 26-Dec-2021 22:23:06 ] [ ressource ] {"ip":"::1","ressource":"\/notes"}
[ 26-Dec-2021 22:23:06 ] [Total] []
[ 26-Dec-2021 22:23:07 ] [ ressource ] {"ip":"::1","ressource":"\/teacher"}
[ 26-Dec-2021 22:23:07 ] [Total] []
[ 26-Dec-2021 22:23:09 ] [ ressource ] {"ip":"::1","ressource":"\/admin"}
[ 26-Dec-2021 22:23:09 ] [Total] []
[ 26-Dec-2021 22:26:28 ] [ ressource ] {"ip":"::1","ressource":"\/academic-year"}
[ 26-Dec-2021 22:26:28 ] [Total] []
[ 26-Dec-2021 22:32:47 ] [ ressource ] {"ip":"::1","ressource":"\/admin"}
[ 26-Dec-2021 22:32:48 ] [Total] []
[ 26-Dec-2021 22:33:32 ] [ ressource ] {"ip":"::1","ressource":"\/admin"}
[ 26-Dec-2021 22:33:32 ] [Total] []
[ 26-Dec-2021 22:34:44 ] [ ressource ] {"ip":"::1","ressource":"\/admin"}
[ 26-Dec-2021 22:34:44 ] [Total] []
[ 26-Dec-2021 22:36:01 ] [ ressource ] {"ip":"::1","ressource":"\/admin"}
[ 26-Dec-2021 22:36:01 ] [Total] []
[ 26-Dec-2021 22:36:29 ] [ ressource ] {"ip":"::1","ressource":"\/admin"}
[ 26-Dec-2021 22:36:29 ] [Total] []
[ 26-Dec-2021 22:36:39 ] [ ressource ] {"ip":"::1","ressource":"\/admin"}
[ 26-Dec-2021 22:36:39 ] [Total] []
[ 26-Dec-2021 22:36:43 ] [ ressource ] {"ip":"::1","ressource":"\/student"}
[ 26-Dec-2021 22:36:43 ] [Total] []
[ 26-Dec-2021 22:39:50 ] [ ressource ] {"ip":"::1","ressource":"\/student"}
[ 26-Dec-2021 22:39:50 ] [Total] [1]
[ 26-Dec-2021 22:44:02 ] [ ressource ] {"ip":"::1","ressource":"\/student"}
[ 26-Dec-2021 22:44:02 ] [Total] [1]
[ 26-Dec-2021 22:45:29 ] [ ressource ] {"ip":"::1","ressource":"\/student"}
[ 26-Dec-2021 22:45:29 ] [Total] [1]
[ 26-Dec-2021 22:45:59 ] [ ressource ] {"ip":"::1","ressource":"\/teacher"}
[ 26-Dec-2021 22:45:59 ] [Total] [1]
[ 26-Dec-2021 22:48:57 ] [ ressource ] {"ip":"::1","ressource":"\/teacher"}
[ 26-Dec-2021 22:48:57 ] [Total] [1]
[ 26-Dec-2021 22:49:06 ] [ ressource ] {"ip":"::1","ressource":"\/teacher"}
[ 26-Dec-2021 22:49:06 ] [Total] [1]
[ 26-Dec-2021 20:50:14 ] [ ressource ] {"ip":"::1","ressource":"\/student"}
[ 26-Dec-2021 20:50:14 ] [Total] [1]
[ 26-Dec-2021 21:08:21 ] [ ressource ] {"ip":"::1","ressource":"\/student"}
[ 26-Dec-2021 21:08:21 ] [Total] [1]
[ 26-Dec-2021 21:09:11 ] [ ressource ] {"ip":"::1","ressource":"\/student"}
[ 26-Dec-2021 21:09:11 ] [Total] [1]
[ 26-Dec-2021 21:19:24 ] [ ressource ] {"ip":"::1","ressource":"\/student"}
[ 26-Dec-2021 21:19:24 ] [Total] [1]
[ 26-Dec-2021 21:48:04 ] [ ressource ] {"ip":"::1","ressource":"\/student"}
[ 26-Dec-2021 21:48:04 ] [Total] [1]
